Release 10.1 - xst K.31 (nt)
Copyright (c) 1995-2008 Xilinx, Inc.  All rights reserved.
--> Parameter TMPDIR set to C:/fpga-magic-1/xst/projnav.tmp


Total REAL time to Xst completion: 0.00 secs
Total CPU time to Xst completion: 0.27 secs
 
--> Parameter xsthdpdir set to C:/fpga-magic-1/xst


Total REAL time to Xst completion: 0.00 secs
Total CPU time to Xst completion: 0.27 secs
 
--> Reading design: ALU.prj

TABLE OF CONTENTS
  1) Synthesis Options Summary
  2) HDL Compilation
  3) Design Hierarchy Analysis
  4) HDL Analysis
  5) HDL Synthesis
     5.1) HDL Synthesis Report
  6) Advanced HDL Synthesis
     6.1) Advanced HDL Synthesis Report
  7) Low Level Synthesis
  8) Partition Report
  9) Final Report
     9.1) Device utilization summary
     9.2) Partition Resource Summary
     9.3) TIMING REPORT


=========================================================================
*                      Synthesis Options Summary                        *
=========================================================================
---- Source Parameters
Input File Name                    : "ALU.prj"
Input Format                       : mixed
Ignore Synthesis Constraint File   : NO

---- Target Parameters
Output File Name                   : "ALU"
Output Format                      : NGC
Target Device                      : xc3s500e-5-vq100

---- Source Options
Top Module Name                    : ALU
Automatic FSM Extraction           : YES
FSM Encoding Algorithm             : Auto
Safe Implementation                : No
FSM Style                          : lut
RAM Extraction                     : Yes
RAM Style                          : Auto
ROM Extraction                     : Yes
Mux Style                          : Auto
Decoder Extraction                 : YES
Priority Encoder Extraction        : YES
Shift Register Extraction          : YES
Logical Shifter Extraction         : YES
XOR Collapsing                     : YES
ROM Style                          : Auto
Mux Extraction                     : YES
Resource Sharing                   : YES
Asynchronous To Synchronous        : NO
Multiplier Style                   : auto
Automatic Register Balancing       : No

---- Target Options
Add IO Buffers                     : YES
Global Maximum Fanout              : 500
Add Generic Clock Buffer(BUFG)     : 24
Register Duplication               : YES
Slice Packing                      : YES
Optimize Instantiated Primitives   : NO
Use Clock Enable                   : Yes
Use Synchronous Set                : Yes
Use Synchronous Reset              : Yes
Pack IO Registers into IOBs        : auto
Equivalent register Removal        : YES

---- General Options
Optimization Goal                  : Speed
Optimization Effort                : 1
Library Search Order               : ALU.lso
Keep Hierarchy                     : NO
Netlist Hierarchy                  : as_optimized
RTL Output                         : Yes
Global Optimization                : AllClockNets
Read Cores                         : YES
Write Timing Constraints           : NO
Cross Clock Analysis               : NO
Hierarchy Separator                : /
Bus Delimiter                      : <>
Case Specifier                     : maintain
Slice Utilization Ratio            : 100
BRAM Utilization Ratio             : 100
Verilog 2001                       : YES
Auto BRAM Packing                  : NO
Slice Utilization Ratio Delta      : 5

=========================================================================


=========================================================================
*                          HDL Compilation                              *
=========================================================================
Compiling vhdl file "C:/fpga-magic-1/ALU.vhd" in Library work.
Entity <alu> compiled.
Entity <alu> (Architecture <behavioral>) compiled.

=========================================================================
*                     Design Hierarchy Analysis                         *
=========================================================================
Analyzing hierarchy for entity <ALU> in library <work> (architecture <behavioral>).


=========================================================================
*                            HDL Analysis                               *
=========================================================================
Analyzing Entity <ALU> in library <work> (Architecture <behavioral>).
INFO:Xst:1561 - "C:/fpga-magic-1/ALU.vhd" line 68: Mux is complete : default of case is discarded
INFO:Xst:1561 - "C:/fpga-magic-1/ALU.vhd" line 93: Mux is complete : default of case is discarded
WARNING:Xst:819 - "C:/fpga-magic-1/ALU.vhd" line 75: One or more signals are missing in the process sensitivity list. To enable synthesis of FPGA/CPLD hardware, XST will assume that all necessary signals are present in the sensitivity list. Please note that the result of the synthesis may differ from the initial design specification. The missing signals are:
   <IR>
Entity <ALU> analyzed. Unit <ALU> generated.


=========================================================================
*                           HDL Synthesis                               *
=========================================================================

Performing bidirectional port resolution...

Synthesizing Unit <ALU>.
    Related source file is "C:/fpga-magic-1/ALU.vhd".
WARNING:Xst:647 - Input <MSWC> is never used. This port will be preserved and left unconnected if it belongs to a top-level block or it belongs to a sub-block and the hierarchy of this sub-block is preserved.
WARNING:Xst:647 - Input <ALUOP_SZ> is never used. This port will be preserved and left unconnected if it belongs to a top-level block or it belongs to a sub-block and the hierarchy of this sub-block is preserved.
WARNING:Xst:647 - Input <IR<0>> is never used. This port will be preserved and left unconnected if it belongs to a top-level block or it belongs to a sub-block and the hierarchy of this sub-block is preserved.
WARNING:Xst:647 - Input <IR<4:7>> is never used. This port will be preserved and left unconnected if it belongs to a top-level block or it belongs to a sub-block and the hierarchy of this sub-block is preserved.
WARNING:Xst:647 - Input <USE_CARRY> is never used. This port will be preserved and left unconnected if it belongs to a top-level block or it belongs to a sub-block and the hierarchy of this sub-block is preserved.
WARNING:Xst:646 - Signal <Alu_ControlInput> is assigned but never used. This unconnected signal will be trimmed during the optimization process.
    Found 17-bit 8-to-1 multiplexer for signal <Z_Intermediate>.
    Found 17-bit addsub for signal <Z_Intermediate$addsub0000>.
    Found 1-bit xor2 for signal <Z_Intermediate$xor0000> created at line 87.
    Found 1-bit xor2 for signal <Z_Intermediate$xor0001> created at line 87.
    Found 1-bit xor2 for signal <Z_Intermediate$xor0002> created at line 87.
    Found 1-bit xor2 for signal <Z_Intermediate$xor0003> created at line 87.
    Found 1-bit xor2 for signal <Z_Intermediate$xor0004> created at line 87.
    Found 1-bit xor2 for signal <Z_Intermediate$xor0005> created at line 87.
    Found 1-bit xor2 for signal <Z_Intermediate$xor0006> created at line 87.
    Found 1-bit xor2 for signal <Z_Intermediate$xor0007> created at line 87.
    Found 1-bit xor2 for signal <Z_Intermediate$xor0008> created at line 87.
    Found 1-bit xor2 for signal <Z_Intermediate$xor0009> created at line 87.
    Found 1-bit xor2 for signal <Z_Intermediate$xor0010> created at line 87.
    Found 1-bit xor2 for signal <Z_Intermediate$xor0011> created at line 87.
    Found 1-bit xor2 for signal <Z_Intermediate$xor0012> created at line 87.
    Found 1-bit xor2 for signal <Z_Intermediate$xor0013> created at line 87.
    Found 1-bit xor2 for signal <Z_Intermediate$xor0014> created at line 87.
    Found 1-bit xor2 for signal <Z_Intermediate$xor0015> created at line 87.
    Summary:
	inferred   1 Adder/Subtractor(s).
	inferred  17 Multiplexer(s).
Unit <ALU> synthesized.

INFO:Xst:1767 - HDL ADVISOR - Resource sharing has identified that some arithmetic operations in this design can share the same physical resources for reduced device utilization. For improved clock frequency you may try to disable resource sharing.

=========================================================================
HDL Synthesis Report

Macro Statistics
# Adders/Subtractors                                   : 1
 17-bit addsub                                         : 1
# Multiplexers                                         : 1
 17-bit 8-to-1 multiplexer                             : 1
# Xors                                                 : 16
 1-bit xor2                                            : 16

=========================================================================

=========================================================================
*                       Advanced HDL Synthesis                          *
=========================================================================

Loading device for application Rf_Device from file '3s500e.nph' in environment C:\Xilinx\10.1\ISE.

=========================================================================
Advanced HDL Synthesis Report

Macro Statistics
# Adders/Subtractors                                   : 1
 17-bit addsub                                         : 1
# Multiplexers                                         : 1
 17-bit 8-to-1 multiplexer                             : 1
# Xors                                                 : 16
 1-bit xor2                                            : 16

=========================================================================

=========================================================================
*                         Low Level Synthesis                           *
=========================================================================

Optimizing unit <ALU> ...

Mapping all equations...
Building and optimizing final netlist ...
Found area constraint ratio of 100 (+ 5) on block ALU, actual ratio is 2.

Final Macro Processing ...

=========================================================================
Final Register Report

Found no macro
=========================================================================

=========================================================================
*                           Partition Report                             *
=========================================================================

Partition Implementation Status
-------------------------------

  No Partitions were found in this design.

-------------------------------

=========================================================================
*                            Final Report                               *
=========================================================================
Final Results
RTL Top Level Output File Name     : ALU.ngr
Top Level Output File Name         : ALU
Output Format                      : NGC
Optimization Goal                  : Speed
Keep Hierarchy                     : NO

Design Statistics
# IOs                              : 66

Cell Usage :
# BELS                             : 161
#      GND                         : 1
#      LUT2                        : 12
#      LUT3                        : 71
#      LUT4                        : 23
#      MUXCY                       : 21
#      MUXF5                       : 15
#      VCC                         : 1
#      XORCY                       : 17
# IO Buffers                       : 56
#      IBUF                        : 36
#      OBUF                        : 20
=========================================================================

Device utilization summary:
---------------------------

Selected Device : 3s500evq100-5 

 Number of Slices:                       58  out of   4656     1%  
 Number of 4 input LUTs:                106  out of   9312     1%  
 Number of IOs:                          66
 Number of bonded IOBs:                  56  out of     66    84%  

---------------------------
Partition Resource Summary:
---------------------------

  No Partitions were found in this design.

---------------------------


=========================================================================
TIMING REPORT

NOTE: THESE TIMING NUMBERS ARE ONLY A SYNTHESIS ESTIMATE.
      FOR ACCURATE TIMING INFORMATION PLEASE REFER TO THE TRACE REPORT
      GENERATED AFTER PLACE-and-ROUTE.

Clock Information:
------------------
No clock signals found in this design

Asynchronous Control Signals Information:
----------------------------------------
No asynchronous control signals found in this design

Timing Summary:
---------------
Speed Grade: -5

   Minimum period: No path found
   Minimum input arrival time before clock: No path found
   Maximum output required time after clock: No path found
   Maximum combinational path delay: 14.481ns

Timing Detail:
--------------
All values displayed in nanoseconds (ns)

=========================================================================
Timing constraint: Default path analysis
  Total number of paths / destination ports: 8212 / 19
-------------------------------------------------------------------------
Delay:               14.481ns (Levels of Logic = 24)
  Source:            IR<2> (PAD)
  Destination:       ALUZ (PAD)

  Data Path: IR<2> to ALUZ
                                Gate     Net
    Cell:in->out      fanout   Delay   Delay  Logical Name (Net Name)
    ----------------------------------------  ------------
     IBUF:I->O            26   1.106   1.140  IR_2_IBUF (IR_2_IBUF)
     LUT3:I1->O           32   0.612   1.225  Z_Intermediate_cmp_eq00001 (Z_Intermediate_cmp_eq0000)
     LUT3:I0->O            1   0.612   0.509  Z_Intermediate_mux0000<0>1 (Z_Intermediate_mux0000<0>)
     LUT3:I0->O            1   0.612   0.000  Maddsub_Z_Intermediate_addsub0000_lut<0> (Maddsub_Z_Intermediate_addsub0000_lut<0>)
     MUXCY:S->O            1   0.404   0.000  Maddsub_Z_Intermediate_addsub0000_cy<0> (Maddsub_Z_Intermediate_addsub0000_cy<0>)
     MUXCY:CI->O           1   0.052   0.000  Maddsub_Z_Intermediate_addsub0000_cy<1> (Maddsub_Z_Intermediate_addsub0000_cy<1>)
     MUXCY:CI->O           1   0.052   0.000  Maddsub_Z_Intermediate_addsub0000_cy<2> (Maddsub_Z_Intermediate_addsub0000_cy<2>)
     MUXCY:CI->O           1   0.052   0.000  Maddsub_Z_Intermediate_addsub0000_cy<3> (Maddsub_Z_Intermediate_addsub0000_cy<3>)
     MUXCY:CI->O           1   0.052   0.000  Maddsub_Z_Intermediate_addsub0000_cy<4> (Maddsub_Z_Intermediate_addsub0000_cy<4>)
     MUXCY:CI->O           1   0.052   0.000  Maddsub_Z_Intermediate_addsub0000_cy<5> (Maddsub_Z_Intermediate_addsub0000_cy<5>)
     MUXCY:CI->O           1   0.051   0.000  Maddsub_Z_Intermediate_addsub0000_cy<6> (Maddsub_Z_Intermediate_addsub0000_cy<6>)
     MUXCY:CI->O           1   0.051   0.000  Maddsub_Z_Intermediate_addsub0000_cy<7> (Maddsub_Z_Intermediate_addsub0000_cy<7>)
     MUXCY:CI->O           1   0.051   0.000  Maddsub_Z_Intermediate_addsub0000_cy<8> (Maddsub_Z_Intermediate_addsub0000_cy<8>)
     MUXCY:CI->O           1   0.051   0.000  Maddsub_Z_Intermediate_addsub0000_cy<9> (Maddsub_Z_Intermediate_addsub0000_cy<9>)
     MUXCY:CI->O           1   0.051   0.000  Maddsub_Z_Intermediate_addsub0000_cy<10> (Maddsub_Z_Intermediate_addsub0000_cy<10>)
     MUXCY:CI->O           1   0.051   0.000  Maddsub_Z_Intermediate_addsub0000_cy<11> (Maddsub_Z_Intermediate_addsub0000_cy<11>)
     MUXCY:CI->O           1   0.051   0.000  Maddsub_Z_Intermediate_addsub0000_cy<12> (Maddsub_Z_Intermediate_addsub0000_cy<12>)
     MUXCY:CI->O           1   0.051   0.000  Maddsub_Z_Intermediate_addsub0000_cy<13> (Maddsub_Z_Intermediate_addsub0000_cy<13>)
     XORCY:CI->O           1   0.699   0.509  Maddsub_Z_Intermediate_addsub0000_xor<14> (Z_Intermediate_addsub0000<14>)
     LUT3:I0->O            1   0.612   0.000  IR<1>91_F (N2)
     MUXF5:I0->O           3   0.278   0.603  IR<1>91 (Z_Intermediate<2>)
     LUT4:I0->O            1   0.612   0.000  ALUZ_cmp_eq0000_wg_lut<4> (ALUZ_cmp_eq0000_wg_lut<4>)
     MUXCY:S->O            1   0.752   0.357  ALUZ_cmp_eq0000_wg_cy<4> (ALUZ_OBUF)
     OBUF:I->O                 3.169          ALUZ_OBUF (ALUZ)
    ----------------------------------------
    Total                     14.481ns (10.137ns logic, 4.343ns route)
                                       (70.0% logic, 30.0% route)

=========================================================================


Total REAL time to Xst completion: 7.00 secs
Total CPU time to Xst completion: 7.41 secs
 
--> 

Total memory usage is 159460 kilobytes

Number of errors   :    0 (   0 filtered)
Number of warnings :    7 (   0 filtered)
Number of infos    :    3 (   0 filtered)

